If
1.0
If
1.0
If
1.0
If
1.0
If
1.0
If
1.0
If
1.0
If
1.0
If
1.0
If
1.0
If
1.0
If
1.0
If
1.0
If
1.0
If
1.0
If
1.0
If
1.0
If
1.0
If
1.0
If
1.0
If
1.0
If
1.0
If
1.0
If
1.0
If
1.0
If
1.0
If
1.0
If
1.0
If
1.0
If
1.0
If
1.0
If
1.0
If
1.0
If
1.0
If
1.0
If
1.0
If
1.0
If
1.0
If
1.0
If
1.0
If
1.0
If
1.0
If
1.0
If
1.0
If
1.0
If
1.0
If
1.0
If
1.0
If
1.0
If
1.0
If
1.0
If
1.0
If
1.0
If
1.0
If
1.0
If
1.0
If
1.0
If
1.0
If
1.0
If
1.0
If
1.0
If
1.0
If
1.0
If
1.0
If
1.0
If
1.0
If
1.0
If
1.0
If
1.0
If
1.0
If
1.0
If
1.0
If
1.0
If
1.0
If
1.0
If
1.0
If
1.0
If
1.0
If
1.0
If
1.0
If
1.0
If
1.0
If
1.0
If
1.0
If
1.0
If
1.0
If
1.0
If
1.0
If
1.0
If
1.0
If
1.0
If
1.0
If
1.0
If
1.0
If
1.0
If
1.0
If
1.0
If
1.0
If
1.0
If
1.0
If
1.0
If
1.0
If
1.0
If
1.0
If
1.0
If
1.0
If
1.0
If
1.0
If
1.0
If
1.0
If
1.0
If
1.0
If
1.0
If
1.0
If
1.0
If
1.0
If
1.0
If
1.0
If
1.0
If
1.0
If
1.0
If
1.0
If
1.0
If
1.0
If
1.0
If
1.0
If
1.0
If
1.0
If
1.0
If
1.0
If
1.0
If
1.0
If
1.0
If
1.0
If
1.0
If
1.0
If
1.0
If
1.0
If
1.0
If
1.0
If
1.0
If
1.0
If
1.0
If
1.0
If
1.0
If
1.0
If
1.0
If
1.0
If
1.0
If
1.0
If
1.0
        Datum  Bewoelkung  Temperatur  ...      Umsatz  Feiertage  Ferientage
0  2013-07-01         6.0     17.8375  ...  148.828353        0.0         0.0
1  2013-07-01         6.0     17.8375  ...  535.856285        0.0         0.0
2  2013-07-01         6.0     17.8375  ...  201.198426        0.0         0.0
3  2013-07-01         6.0     17.8375  ...   65.890169        0.0         0.0
4  2013-07-01         6.0     17.8375  ...  317.475875        0.0         0.0

[5 rows x 10 columns]
        Datum  Bewoelkung  Temperatur  ...      Umsatz  Feiertage  Ferientage
0  2013-07-02         3.0     17.3125  ...  159.793757        0.0         0.0
1  2013-07-02         3.0     17.3125  ...  546.780787        0.0         0.0
2  2013-07-02         3.0     17.3125  ...  265.261254        0.0         0.0
3  2013-07-02         3.0     17.3125  ...   74.543917        0.0         0.0
4  2013-07-02         3.0     17.3125  ...  383.628682        0.0         0.0

[5 rows x 10 columns]
